# JRE version: OpenJDK Runtime Environment Temurin-21.0.7+6 (21.0.7+6) (build 21.0.7+6-LTS)
# Java VM: OpenJDK 64-Bit Server VM Temurin-21.0.7+6 (21.0.7+6-LTS, mixed mode, sharing, tiered, compressed oops, compressed class ptrs, parallel gc, windows-amd64)
GC Precious Log:
 CardTable entry size: 512
 CPUs: 12 total, 12 available
 Memory: 16063M
 Large Page Support: Disabled
 NUMA Support: Disabled
 Compressed Oops: Enabled (32-bit)
 Alignments: Space 512K, Generation 512K, Heap 2M
 Heap Min Capacity: 100M
 Heap Initial Capacity: 100M
 Heap Max Capacity: 2G
 Pre-touch: Disabled
 Parallel Workers: 10
Heap:
 PSYoungGen      total 11264K, used 2038K [0x00000000d5580000, 0x00000000d6280000, 0x0000000100000000)
  eden space 9728K, 11% used [0x00000000d5580000,0x00000000d569db48,0x00000000d5f00000)
  from space 1536K, 58% used [0x00000000d6000000,0x00000000d60e0020,0x00000000d6180000)
  to   space 1024K, 0% used [0x00000000d6180000,0x00000000d6180000,0x00000000d6280000)
 ParOldGen       total 1049088K, used 1049005K [0x0000000080000000, 0x00000000c0080000, 0x00000000d5580000)
  object space 1049088K, 99% used [0x0000000080000000,0x00000000c006b578,0x00000000c0080000)
 Metaspace       used 90067K, committed 91584K, reserved 1179648K
  class space    used 8588K, committed 9280K, reserved 1048576K
GC Heap History (20 events):
Event: 241608.233 GC heap before
{Heap before GC invocations=10075 (full 9):
 PSYoungGen      total 10240K, used 8733K [0x00000000d5580000, 0x00000000d6080000, 0x0000000100000000)
  eden space 9728K, 87% used [0x00000000d5580000,0x00000000d5dc7660,0x00000000d5f00000)
  from space 512K, 50% used [0x00000000d5f80000,0x00000000d5fc0000,0x00000000d6000000)
  to   space 512K, 0% used [0x00000000d6000000,0x00000000d6000000,0x00000000d6080000)
 ParOldGen       total 1039872K, used 1039587K [0x0000000080000000, 0x00000000bf780000, 0x00000000d5580000)
  object space 1039872K, 99% used [0x0000000080000000,0x00000000bf738f30,0x00000000bf780000)
 Metaspace       used 90064K, committed 91584K, reserved 1179648K
  class space    used 8588K, committed 9280K, reserved 1048576K
}
Event: 241608.235 GC heap after
{Heap after GC invocations=10075 (full 9):
 PSYoungGen      total 10240K, used 256K [0x00000000d5580000, 0x00000000d6080000, 0x0000000100000000)
  eden space 9728K, 0% used [0x00000000d5580000,0x00000000d5580000,0x00000000d5f00000)
  from space 512K, 50% used [0x00000000d6000000,0x00000000d6040000,0x00000000d6080000)
  to   space 512K, 0% used [0x00000000d5f80000,0x00000000d5f80000,0x00000000d6000000)
 ParOldGen       total 1039872K, used 1039702K [0x0000000080000000, 0x00000000bf780000, 0x00000000d5580000)
  object space 1039872K, 99% used [0x0000000080000000,0x00000000bf755830,0x00000000bf780000)
 Metaspace       used 90064K, committed 91584K, reserved 1179648K
  class space    used 8588K, committed 9280K, reserved 1048576K
}
Event: 241608.245 GC heap before
{Heap before GC invocations=10076 (full 9):
 PSYoungGen      total 10240K, used 9966K [0x00000000d5580000, 0x00000000d6080000, 0x0000000100000000)
  eden space 9728K, 99% used [0x00000000d5580000,0x00000000d5efb9f8,0x00000000d5f00000)
  from space 512K, 50% used [0x00000000d6000000,0x00000000d6040000,0x00000000d6080000)
  to   space 512K, 0% used [0x00000000d5f80000,0x00000000d5f80000,0x00000000d6000000)
 ParOldGen       total 1039872K, used 1039702K [0x0000000080000000, 0x00000000bf780000, 0x00000000d5580000)
  object space 1039872K, 99% used [0x0000000080000000,0x00000000bf755830,0x00000000bf780000)
 Metaspace       used 90064K, committed 91584K, reserved 1179648K
  class space    used 8588K, committed 9280K, reserved 1048576K
}
Event: 241608.246 GC heap after
{Heap after GC invocations=10076 (full 9):
 PSYoungGen      total 10240K, used 489K [0x00000000d5580000, 0x00000000d6800000, 0x0000000100000000)
  eden space 9728K, 0% used [0x00000000d5580000,0x00000000d5580000,0x00000000d5f00000)
  from space 512K, 95% used [0x00000000d5f80000,0x00000000d5ffa788,0x00000000d6000000)
  to   space 4608K, 0% used [0x00000000d6380000,0x00000000d6380000,0x00000000d6800000)
 ParOldGen       total 1042944K, used 1042874K [0x0000000080000000, 0x00000000bfa80000, 0x00000000d5580000)
  object space 1042944K, 99% used [0x0000000080000000,0x00000000bfa6eb30,0x00000000bfa80000)
 Metaspace       used 90064K, committed 91584K, reserved 1179648K
  class space    used 8588K, committed 9280K, reserved 1048576K
}
Event: 241608.255 GC heap before
{Heap before GC invocations=10077 (full 9):
 PSYoungGen      total 10240K, used 9065K [0x00000000d5580000, 0x00000000d6800000, 0x0000000100000000)
  eden space 9728K, 88% used [0x00000000d5580000,0x00000000d5ddfff8,0x00000000d5f00000)
  from space 512K, 95% used [0x00000000d5f80000,0x00000000d5ffa788,0x00000000d6000000)
  to   space 4608K, 0% used [0x00000000d6380000,0x00000000d6380000,0x00000000d6800000)
 ParOldGen       total 1042944K, used 1042874K [0x0000000080000000, 0x00000000bfa80000, 0x00000000d5580000)
  object space 1042944K, 99% used [0x0000000080000000,0x00000000bfa6eb30,0x00000000bfa80000)
 Metaspace       used 90064K, committed 91584K, reserved 1179648K
  class space    used 8588K, committed 9280K, reserved 1048576K
}
Event: 241608.257 GC heap after
{Heap after GC invocations=10077 (full 9):
 PSYoungGen      total 10752K, used 608K [0x00000000d5580000, 0x00000000d6480000, 0x0000000100000000)
  eden space 9728K, 0% used [0x00000000d5580000,0x00000000d5580000,0x00000000d5f00000)
  from space 1024K, 59% used [0x00000000d6380000,0x00000000d6418000,0x00000000d6480000)
  to   space 2048K, 0% used [0x00000000d6080000,0x00000000d6080000,0x00000000d6280000)
 ParOldGen       total 1043456K, used 1043178K [0x0000000080000000, 0x00000000bfb00000, 0x00000000d5580000)
  object space 1043456K, 99% used [0x0000000080000000,0x00000000bfabab30,0x00000000bfb00000)
 Metaspace       used 90064K, committed 91584K, reserved 1179648K
  class space    used 8588K, committed 9280K, reserved 1048576K
}
Event: 241608.268 GC heap before
{Heap before GC invocations=10078 (full 9):
 PSYoungGen      total 10752K, used 10336K [0x00000000d5580000, 0x00000000d6480000, 0x0000000100000000)
  eden space 9728K, 100% used [0x00000000d5580000,0x00000000d5f00000,0x00000000d5f00000)
  from space 1024K, 59% used [0x00000000d6380000,0x00000000d6418000,0x00000000d6480000)
  to   space 2048K, 0% used [0x00000000d6080000,0x00000000d6080000,0x00000000d6280000)
 ParOldGen       total 1043456K, used 1043178K [0x0000000080000000, 0x00000000bfb00000, 0x00000000d5580000)
  object space 1043456K, 99% used [0x0000000080000000,0x00000000bfabab30,0x00000000bfb00000)
 Metaspace       used 90064K, committed 91584K, reserved 1179648K
  class space    used 8588K, committed 9280K, reserved 1048576K
}
Event: 241608.269 GC heap after
{Heap after GC invocations=10078 (full 9):
 PSYoungGen      total 11776K, used 256K [0x00000000d5580000, 0x00000000d6400000, 0x0000000100000000)
  eden space 9728K, 0% used [0x00000000d5580000,0x00000000d5580000,0x00000000d5f00000)
  from space 2048K, 12% used [0x00000000d6080000,0x00000000d60c0000,0x00000000d6280000)
  to   space 1024K, 0% used [0x00000000d6300000,0x00000000d6300000,0x00000000d6400000)
 ParOldGen       total 1043968K, used 1043666K [0x0000000080000000, 0x00000000bfb80000, 0x00000000d5580000)
  object space 1043968K, 99% used [0x0000000080000000,0x00000000bfb34b30,0x00000000bfb80000)
 Metaspace       used 90064K, committed 91584K, reserved 1179648K
  class space    used 8588K, committed 9280K, reserved 1048576K
}
Event: 241608.279 GC heap before
{Heap before GC invocations=10079 (full 9):
 PSYoungGen      total 11776K, used 9217K [0x00000000d5580000, 0x00000000d6400000, 0x0000000100000000)
  eden space 9728K, 92% used [0x00000000d5580000,0x00000000d5e40400,0x00000000d5f00000)
  from space 2048K, 12% used [0x00000000d6080000,0x00000000d60c0000,0x00000000d6280000)
  to   space 1024K, 0% used [0x00000000d6300000,0x00000000d6300000,0x00000000d6400000)
 ParOldGen       total 1043968K, used 1043666K [0x0000000080000000, 0x00000000bfb80000, 0x00000000d5580000)
  object space 1043968K, 99% used [0x0000000080000000,0x00000000bfb34b30,0x00000000bfb80000)
 Metaspace       used 90064K, committed 91584K, reserved 1179648K
  class space    used 8588K, committed 9280K, reserved 1048576K
}
Event: 241608.280 GC heap after
{Heap after GC invocations=10079 (full 9):
 PSYoungGen      total 10240K, used 320K [0x00000000d5580000, 0x00000000d6380000, 0x0000000100000000)
  eden space 9728K, 0% used [0x00000000d5580000,0x00000000d5580000,0x00000000d5f00000)
  from space 512K, 62% used [0x00000000d6300000,0x00000000d6350000,0x00000000d6380000)
  to   space 512K, 0% used [0x00000000d6280000,0x00000000d6280000,0x00000000d6300000)
 ParOldGen       total 1043968K, used 1043741K [0x0000000080000000, 0x00000000bfb80000, 0x00000000d5580000)
  object space 1043968K, 99% used [0x0000000080000000,0x00000000bfb47430,0x00000000bfb80000)
 Metaspace       used 90064K, committed 91584K, reserved 1179648K
  class space    used 8588K, committed 9280K, reserved 1048576K
}
Event: 241608.289 GC heap before
{Heap before GC invocations=10080 (full 9):
 PSYoungGen      total 10240K, used 10045K [0x00000000d5580000, 0x00000000d6380000, 0x0000000100000000)
  eden space 9728K, 99% used [0x00000000d5580000,0x00000000d5eff5c8,0x00000000d5f00000)
  from space 512K, 62% used [0x00000000d6300000,0x00000000d6350000,0x00000000d6380000)
  to   space 512K, 0% used [0x00000000d6280000,0x00000000d6280000,0x00000000d6300000)
 ParOldGen       total 1043968K, used 1043741K [0x0000000080000000, 0x00000000bfb80000, 0x00000000d5580000)
  object space 1043968K, 99% used [0x0000000080000000,0x00000000bfb47430,0x00000000bfb80000)
 Metaspace       used 90064K, committed 91584K, reserved 1179648K
  class space    used 8588K, committed 9280K, reserved 1048576K
}
Event: 241608.290 GC heap after
{Heap after GC invocations=10080 (full 9):
 PSYoungGen      total 10240K, used 489K [0x00000000d5580000, 0x00000000d6700000, 0x0000000100000000)
  eden space 9728K, 0% used [0x00000000d5580000,0x00000000d5580000,0x00000000d5f00000)
  from space 512K, 95% used [0x00000000d6280000,0x00000000d62fa788,0x00000000d6300000)
  to   space 4096K, 0% used [0x00000000d6300000,0x00000000d6300000,0x00000000d6700000)
 ParOldGen       total 1047040K, used 1046671K [0x0000000080000000, 0x00000000bfe80000, 0x00000000d5580000)
  object space 1047040K, 99% used [0x0000000080000000,0x00000000bfe23e30,0x00000000bfe80000)
 Metaspace       used 90064K, committed 91584K, reserved 1179648K
  class space    used 8588K, committed 9280K, reserved 1048576K
}
Event: 241608.304 GC heap before
{Heap before GC invocations=10081 (full 9):
 PSYoungGen      total 10240K, used 10217K [0x00000000d5580000, 0x00000000d6700000, 0x0000000100000000)
  eden space 9728K, 100% used [0x00000000d5580000,0x00000000d5f00000,0x00000000d5f00000)
  from space 512K, 95% used [0x00000000d6280000,0x00000000d62fa788,0x00000000d6300000)
  to   space 4096K, 0% used [0x00000000d6300000,0x00000000d6300000,0x00000000d6700000)
 ParOldGen       total 1047040K, used 1046671K [0x0000000080000000, 0x00000000bfe80000, 0x00000000d5580000)
  object space 1047040K, 99% used [0x0000000080000000,0x00000000bfe23e30,0x00000000bfe80000)
 Metaspace       used 90065K, committed 91584K, reserved 1179648K
  class space    used 8588K, committed 9280K, reserved 1048576K
}
Event: 241608.306 GC heap after
{Heap after GC invocations=10081 (full 9):
 PSYoungGen      total 10752K, used 672K [0x00000000d5580000, 0x00000000d6400000, 0x0000000100000000)
  eden space 9728K, 0% used [0x00000000d5580000,0x00000000d5580000,0x00000000d5f00000)
  from space 1024K, 65% used [0x00000000d6300000,0x00000000d63a8000,0x00000000d6400000)
  to   space 2048K, 0% used [0x00000000d6000000,0x00000000d6000000,0x00000000d6200000)
 ParOldGen       total 1047040K, used 1046702K [0x0000000080000000, 0x00000000bfe80000, 0x00000000d5580000)
  object space 1047040K, 99% used [0x0000000080000000,0x00000000bfe2b940,0x00000000bfe80000)
 Metaspace       used 90065K, committed 91584K, reserved 1179648K
  class space    used 8588K, committed 9280K, reserved 1048576K
}
Event: 241608.433 GC heap before
{Heap before GC invocations=10082 (full 9):
 PSYoungGen      total 10752K, used 10400K [0x00000000d5580000, 0x00000000d6400000, 0x0000000100000000)
  eden space 9728K, 100% used [0x00000000d5580000,0x00000000d5f00000,0x00000000d5f00000)
  from space 1024K, 65% used [0x00000000d6300000,0x00000000d63a8000,0x00000000d6400000)
  to   space 2048K, 0% used [0x00000000d6000000,0x00000000d6000000,0x00000000d6200000)
 ParOldGen       total 1047040K, used 1046702K [0x0000000080000000, 0x00000000bfe80000, 0x00000000d5580000)
  object space 1047040K, 99% used [0x0000000080000000,0x00000000bfe2b940,0x00000000bfe80000)
 Metaspace       used 90067K, committed 91584K, reserved 1179648K
  class space    used 8588K, committed 9280K, reserved 1048576K
}
Event: 241608.435 GC heap after
{Heap after GC invocations=10082 (full 9):
 PSYoungGen      total 11776K, used 1792K [0x00000000d5580000, 0x00000000d6380000, 0x0000000100000000)
  eden space 9728K, 0% used [0x00000000d5580000,0x00000000d5580000,0x00000000d5f00000)
  from space 2048K, 87% used [0x00000000d6000000,0x00000000d61c0020,0x00000000d6200000)
  to   space 1536K, 0% used [0x00000000d6200000,0x00000000d6200000,0x00000000d6380000)
 ParOldGen       total 1047552K, used 1047233K [0x0000000080000000, 0x00000000bff00000, 0x00000000d5580000)
  object space 1047552K, 99% used [0x0000000080000000,0x00000000bfeb0620,0x00000000bff00000)
 Metaspace       used 90067K, committed 91584K, reserved 1179648K
  class space    used 8588K, committed 9280K, reserved 1048576K
}
Event: 241608.544 GC heap before
{Heap before GC invocations=10083 (full 9):
 PSYoungGen      total 11776K, used 11520K [0x00000000d5580000, 0x00000000d6380000, 0x0000000100000000)
  eden space 9728K, 100% used [0x00000000d5580000,0x00000000d5f00000,0x00000000d5f00000)
  from space 2048K, 87% used [0x00000000d6000000,0x00000000d61c0020,0x00000000d6200000)
  to   space 1536K, 0% used [0x00000000d6200000,0x00000000d6200000,0x00000000d6380000)
 ParOldGen       total 1047552K, used 1047233K [0x0000000080000000, 0x00000000bff00000, 0x00000000d5580000)
  object space 1047552K, 99% used [0x0000000080000000,0x00000000bfeb0620,0x00000000bff00000)
 Metaspace       used 90067K, committed 91584K, reserved 1179648K
  class space    used 8588K, committed 9280K, reserved 1048576K
}
Event: 241608.546 GC heap after
{Heap after GC invocations=10083 (full 9):
 PSYoungGen      total 10752K, used 741K [0x00000000d5580000, 0x00000000d6300000, 0x0000000100000000)
  eden space 9728K, 0% used [0x00000000d5580000,0x00000000d5580000,0x00000000d5f00000)
  from space 1024K, 72% used [0x00000000d6200000,0x00000000d62b96b0,0x00000000d6300000)
  to   space 1536K, 0% used [0x00000000d6000000,0x00000000d6000000,0x00000000d6180000)
 ParOldGen       total 1049088K, used 1048933K [0x0000000080000000, 0x00000000c0080000, 0x00000000d5580000)
  object space 1049088K, 99% used [0x0000000080000000,0x00000000c0059578,0x00000000c0080000)
 Metaspace       used 90067K, committed 91584K, reserved 1179648K
  class space    used 8588K, committed 9280K, reserved 1048576K
}
Event: 241608.723 GC heap before
{Heap before GC invocations=10084 (full 9):
 PSYoungGen      total 10752K, used 10469K [0x00000000d5580000, 0x00000000d6300000, 0x0000000100000000)
  eden space 9728K, 100% used [0x00000000d5580000,0x00000000d5f00000,0x00000000d5f00000)
  from space 1024K, 72% used [0x00000000d6200000,0x00000000d62b96b0,0x00000000d6300000)
  to   space 1536K, 0% used [0x00000000d6000000,0x00000000d6000000,0x00000000d6180000)
 ParOldGen       total 1049088K, used 1048933K [0x0000000080000000, 0x00000000c0080000, 0x00000000d5580000)
  object space 1049088K, 99% used [0x0000000080000000,0x00000000c0059578,0x00000000c0080000)
 Metaspace       used 90067K, committed 91584K, reserved 1179648K
  class space    used 8588K, committed 9280K, reserved 1048576K
}
Event: 241608.724 GC heap after
{Heap after GC invocations=10084 (full 9):
 PSYoungGen      total 11264K, used 896K [0x00000000d5580000, 0x00000000d6280000, 0x0000000100000000)
  eden space 9728K, 0% used [0x00000000d5580000,0x00000000d5580000,0x00000000d5f00000)
  from space 1536K, 58% used [0x00000000d6000000,0x00000000d60e0020,0x00000000d6180000)
  to   space 1024K, 0% used [0x00000000d6180000,0x00000000d6180000,0x00000000d6280000)
 ParOldGen       total 1049088K, used 1049005K [0x0000000080000000, 0x00000000c0080000, 0x00000000d5580000)
  object space 1049088K, 99% used [0x0000000080000000,0x00000000c006b578,0x00000000c0080000)
 Metaspace       used 90067K, committed 91584K, reserved 1179648K
  class space    used 8588K, committed 9280K, reserved 1048576K
}

